<?xml version="1.0" encoding="UTF-8"?>
<!-- Generated by org.testng.reporters.JUnitXMLReporter -->
<testsuite ignored="0" hostname="Daugination" failures="0" tests="6" name="Default test" time="8.843" errors="0" timestamp="2024-01-07T11:23:42 IST">
  <testcase classname="api.test.DataDrivenTests" name="testPostUser" time="1.99"/>
  <testcase classname="api.test.DataDrivenTests" name="testPostUser" time="1.071"/>
  <testcase classname="api.test.DataDrivenTests" name="testPostUser" time="1.064"/>
  <testcase classname="api.test.DataDrivenTests" name="deleteUser" time="1.042"/>
  <testcase classname="api.test.DataDrivenTests" name="deleteUser" time="1.99"/>
  <testcase classname="api.test.DataDrivenTests" name="deleteUser" time="1.055"/>
</testsuite> <!-- Default test -->
