<?xml version="1.0" encoding="UTF-8"?>
<testng-results ignored="0" total="4" passed="4" failed="0" skipped="0">
  <reporter-output>
  </reporter-output>
  <suite started-at="2024-01-08T19:14:12 IST" name="PetSuite" finished-at="2024-01-08T19:14:20 IST" duration-ms="7697">
    <groups>
    </groups>
    <test started-at="2024-01-08T19:14:12 IST" name="ApiTest" finished-at="2024-01-08T19:14:20 IST" duration-ms="7697">
      <class name="api.test.UserTests">
        <test-method is-config="true" signature="setupData()[pri:0, instance:api.test.UserTests@69e1dd28]" started-at="2024-01-08T19:14:13 IST" name="setupData" finished-at="2024-01-08T19:14:13 IST" duration-ms="192" status="PASS">
          <reporter-output>
          </reporter-output>
        </test-method> <!-- setupData -->
        <test-method signature="testPostUser()[pri:1, instance:api.test.UserTests@69e1dd28]" started-at="2024-01-08T19:14:13 IST" name="testPostUser" finished-at="2024-01-08T19:14:16 IST" duration-ms="2804" status="PASS">
          <reporter-output>
          </reporter-output>
        </test-method> <!-- testPostUser -->
        <test-method signature="testGetUserByName()[pri:2, instance:api.test.UserTests@69e1dd28]" started-at="2024-01-08T19:14:16 IST" name="testGetUserByName" finished-at="2024-01-08T19:14:17 IST" duration-ms="1108" status="PASS">
          <reporter-output>
          </reporter-output>
        </test-method> <!-- testGetUserByName -->
        <test-method signature="testUpdateUserByName()[pri:3, instance:api.test.UserTests@69e1dd28]" started-at="2024-01-08T19:14:17 IST" name="testUpdateUserByName" finished-at="2024-01-08T19:14:19 IST" duration-ms="2163" status="PASS">
          <reporter-output>
          </reporter-output>
        </test-method> <!-- testUpdateUserByName -->
        <test-method signature="testDeleteUser()[pri:4, instance:api.test.UserTests@69e1dd28]" started-at="2024-01-08T19:14:19 IST" name="testDeleteUser" finished-at="2024-01-08T19:14:20 IST" duration-ms="1058" status="PASS">
          <reporter-output>
          </reporter-output>
        </test-method> <!-- testDeleteUser -->
      </class> <!-- api.test.UserTests -->
    </test> <!-- ApiTest -->
  </suite> <!-- PetSuite -->
</testng-results>
