<?xml version="1.0" encoding="UTF-8"?>
<testsuite xmlns:xsi="http://www.w3.org/2001/XMLSchema-instance" xsi:noNamespaceSchemaLocation="https://maven.apache.org/surefire/maven-surefire-plugin/xsd/surefire-test-report.xsd" name="TestSuite" time="8.589" tests="4" errors="0" skipped="0" failures="0">
  <properties>
[...]
</properties>
  <testcase name="testPostUser" classname="api.test.UserTests" time="2.809"/>
  <testcase name="testGetUserByName" classname="api.test.UserTests" time="1.108"/>
  <testcase name="testUpdateUserByName" classname="api.test.UserTests" time="2.163"/>
  <testcase name="testDeleteUser" classname="api.test.UserTests" time="1.058"/>
</testsuite>