<?xml version="1.0" encoding="UTF-8"?>
<testng-results ignored="0" total="4" passed="4" failed="0" skipped="0">
  <reporter-output>
  </reporter-output>
  <suite started-at="2024-01-07T11:51:24 IST" name="PetSuite" finished-at="2024-01-07T11:51:31 IST" duration-ms="6999">
    <groups>
    </groups>
    <test started-at="2024-01-07T11:51:24 IST" name="ApiTest" finished-at="2024-01-07T11:51:31 IST" duration-ms="6999">
      <class name="api.test.UserTests">
        <test-method is-config="true" signature="setupData()[pri:0, instance:api.test.UserTests@1e6a3214]" started-at="2024-01-07T11:51:24 IST" name="setupData" finished-at="2024-01-07T11:51:24 IST" duration-ms="101" status="PASS">
          <reporter-output>
          </reporter-output>
        </test-method> <!-- setupData -->
        <test-method signature="testPostUser()[pri:1, instance:api.test.UserTests@1e6a3214]" started-at="2024-01-07T11:51:24 IST" name="testPostUser" finished-at="2024-01-07T11:51:26 IST" duration-ms="1961" status="PASS">
          <reporter-output>
          </reporter-output>
        </test-method> <!-- testPostUser -->
        <test-method signature="testGetUserByName()[pri:2, instance:api.test.UserTests@1e6a3214]" started-at="2024-01-07T11:51:26 IST" name="testGetUserByName" finished-at="2024-01-07T11:51:27 IST" duration-ms="1094" status="PASS">
          <reporter-output>
          </reporter-output>
        </test-method> <!-- testGetUserByName -->
        <test-method signature="testUpdateUserByName()[pri:3, instance:api.test.UserTests@1e6a3214]" started-at="2024-01-07T11:51:27 IST" name="testUpdateUserByName" finished-at="2024-01-07T11:51:30 IST" duration-ms="2100" status="PASS">
          <reporter-output>
          </reporter-output>
        </test-method> <!-- testUpdateUserByName -->
        <test-method signature="testDeleteUser()[pri:4, instance:api.test.UserTests@1e6a3214]" started-at="2024-01-07T11:51:30 IST" name="testDeleteUser" finished-at="2024-01-07T11:51:31 IST" duration-ms="1581" status="PASS">
          <reporter-output>
          </reporter-output>
        </test-method> <!-- testDeleteUser -->
      </class> <!-- api.test.UserTests -->
    </test> <!-- ApiTest -->
  </suite> <!-- PetSuite -->
</testng-results>
