<?xml version="1.0" encoding="UTF-8"?>
<!-- Generated by org.testng.reporters.JUnitXMLReporter -->
<testsuite ignored="0" hostname="Daugination" failures="0" tests="4" name="ApiTest" time="7.697" errors="0" timestamp="2024-01-08T19:14:20 IST">
  <testcase classname="api.test.UserTests" name="testPostUser" time="2.804"/>
  <testcase classname="api.test.UserTests" name="testGetUserByName" time="1.108"/>
  <testcase classname="api.test.UserTests" name="testUpdateUserByName" time="2.163"/>
  <testcase classname="api.test.UserTests" name="testDeleteUser" time="1.058"/>
</testsuite> <!-- ApiTest -->
