<?xml version="1.0" encoding="UTF-8"?>
<!-- Generated by org.testng.reporters.JUnitXMLReporter -->
<testsuite ignored="0" hostname="Daugination" failures="0" tests="4" name="ApiTest" time="6.999" errors="0" timestamp="2024-01-07T11:51:31 IST">
  <testcase classname="api.test.UserTests" name="testPostUser" time="1.961"/>
  <testcase classname="api.test.UserTests" name="testGetUserByName" time="1.094"/>
  <testcase classname="api.test.UserTests" name="testUpdateUserByName" time="2.1"/>
  <testcase classname="api.test.UserTests" name="testDeleteUser" time="1.581"/>
</testsuite> <!-- ApiTest -->
